<?xml version="1.0" encoding="UTF-8"?>
<!-- Generated by org.testng.reporters.JUnitReportReporter -->
<testsuite hostname="rsasma33" failures="0" tests="2" name="maventutorial.Mavenjava.AappiumTest" time="0.004" errors="0" timestamp="2022-02-08T19:44:43 IST" skipped="0">
  <testcase classname="maventutorial.Mavenjava.AappiumTest" name="AndroidApp" time="0.001"/>
  <system-out/>
  <testcase classname="maventutorial.Mavenjava.AappiumTest" name="IOSapp" time="0.003"/>
  <system-out/>
</testsuite> <!-- maventutorial.Mavenjava.AappiumTest -->
