<?xml version="1.0" encoding="UTF-8"?>
<!-- Generated by org.testng.reporters.JUnitReportReporter -->
<testsuite hostname="rsasma33" failures="0" tests="2" name="maventutorial.Mavenjava.seleniumTest" time="0.008" errors="0" timestamp="2022-02-08T19:44:43 IST" skipped="0">
  <testcase classname="maventutorial.Mavenjava.seleniumTest" name="BrowserAutomation" time="0.006"/>
  <system-out/>
  <testcase classname="maventutorial.Mavenjava.seleniumTest" name="ElementsUI" time="0.002"/>
  <system-out/>
</testsuite> <!-- maventutorial.Mavenjava.seleniumTest -->
