<?xml version="1.0" encoding="UTF-8"?>
<!-- Generated by org.testng.reporters.JUnitReportReporter -->
<testsuite hostname="rsasma33" failures="0" tests="2" name="maventutorial.Mavenjava.AappiumTest" time="0.010" errors="0" timestamp="2022-03-08T13:11:03 IST" skipped="0">
  <testcase classname="maventutorial.Mavenjava.AappiumTest" name="IOSapp" time="0.001"/>
  <system-out/>
  <testcase classname="maventutorial.Mavenjava.AappiumTest" name="AndroidApp" time="0.009"/>
  <system-out/>
</testsuite> <!-- maventutorial.Mavenjava.AappiumTest -->
